2018-01-13 00:07:11,706 WARN  [org.keycloak.events] (default task-31) type=LOGIN_ERROR, realmId=AuthorizationProviderKeycloak, clientId=login-app, userId=null, ipAddress=127.0.0.1, error=invalid_redirect_uri, redirect_uri=http://localhost:8085/api
2018-01-13 00:07:15,702 WARN  [org.keycloak.events] (default task-34) type=LOGIN_ERROR, realmId=AuthorizationProviderKeycloak, clientId=login-app, userId=null, ipAddress=127.0.0.1, error=invalid_redirect_uri, redirect_uri=http://localhost:8085/api
2018-01-13 00:11:52,028 WARN  [org.keycloak.events] (default task-39) type=LOGIN_ERROR, realmId=AuthorizationProviderKeycloak, clientId=login-app, userId=null, ipAddress=127.0.0.1, error=invalid_redirect_uri, redirect_uri=http://localhost:4200/api/cenovnik/zaOsiguravajucuKucu/1
2018-01-13 00:12:11,147 WARN  [org.keycloak.events] (default task-42) type=LOGIN_ERROR, realmId=AuthorizationProviderKeycloak, clientId=login-app, userId=null, ipAddress=127.0.0.1, error=invalid_redirect_uri, redirect_uri=http://localhost:4200/api/cenovnik/zaOsiguravajucuKucu/1
2018-01-13 00:12:11,703 WARN  [com.arjuna.ats.arjuna] (Transaction Reaper) ARJUNA012117: TransactionReaper::check timeout for TX 0:ffffc0a8000a:-6805f435:5a593975:685 in state  RUN
2018-01-13 02:06:48,647 WARN  [org.keycloak.events] (default task-35) type=LOGIN_ERROR, realmId=AuthorizationProviderKeycloak, clientId=login-app, userId=null, ipAddress=127.0.0.1, error=not_allowed
2018-01-13 02:06:52,641 WARN  [org.keycloak.events] (default task-32) type=LOGIN_ERROR, realmId=AuthorizationProviderKeycloak, clientId=login-app, userId=null, ipAddress=127.0.0.1, error=not_allowed
2018-01-13 18:04:52,999 INFO  [org.jboss.modules] (main) JBoss Modules version 1.6.1.Final
2018-01-13 18:04:54,822 INFO  [org.jboss.msc] (main) JBoss MSC version 1.2.7.SP1
2018-01-13 18:04:54,985 INFO  [org.jboss.as] (MSC service thread 1-7) WFLYSRV0049: Keycloak 3.4.3.Final (WildFly Core 3.0.8.Final) starting
2018-01-13 18:04:54,990 DEBUG [org.jboss.as.config] (MSC service thread 1-7) Configured system properties:
	awt.toolkit = sun.awt.windows.WToolkit
	file.encoding = Cp1252
	file.encoding.pkg = sun.io
	file.separator = \
	java.awt.graphicsenv = sun.awt.Win32GraphicsEnvironment
	java.awt.printerjob = sun.awt.windows.WPrinterJob
	java.class.path = C:\Users\Mirko\Desktop\MAS\SEP\Workspace\AuthorizationProviderr\keycloak-3.4.3.Final\jboss-modules.jar
	java.class.version = 52.0
	java.endorsed.dirs = C:\Program Files\Java\jdk1.8.0_131\jre\lib\endorsed
	java.ext.dirs = C:\Program Files\Java\jdk1.8.0_131\jre\lib\ext;C:\WINDOWS\Sun\Java\lib\ext
	java.home = C:\Program Files\Java\jdk1.8.0_131\jre
	java.io.tmpdir = C:\Users\Mirko\AppData\Local\Temp\
	java.library.path = C:\Program Files\Java\jdk1.8.0_131\bin;C:\WINDOWS\Sun\Java\bin;C:\WINDOWS\system32;C:\WINDOWS;C:\Program Files (x86)\NVIDIA Corporation\PhysX\Common;C:\ProgramData\Oracle\Java\javapath;C:\WINDOWS\system32;C:\WINDOWS;C:\WINDOWS\System32\Wbem;C:\WINDOWS\System32\WindowsPowerShell\v1.0\;c:\Program Files (x86)\Microsoft SQL Server\100\Tools\Binn\;c:\Program Files\Microsoft SQL Server\100\Tools\Binn\;c:\Program Files\Microsoft SQL Server\100\DTS\Binn\;C:\Program Files\Microsoft SQL Server\Client SDK\ODBC\110\Tools\Binn\;C:\Program Files (x86)\Microsoft SQL Server\120\Tools\Binn\ManagementStudio\;C:\Program Files (x86)\Microsoft SQL Server\120\Tools\Binn\;C:\Program Files\Microsoft SQL Server\120\Tools\Binn\;C:\Program Files (x86)\Microsoft SQL Server\120\DTS\Binn\;C:\Program Files\Microsoft SQL Server\120\DTS\Binn\;C:\Program Files\Git\cmd;C:\Program Files\MySQL\MySQL Utilities 1.6\;C:\Program Files\Microsoft SQL Server\130\Tools\Binn\;C:\Program Files (x86)\Windows Kits\10\Windows Performance Toolkit\;C:\Program Files\Java\jdk1.8.0_131\bin;C:\Program Files (x86)\Skype\Phone\;C:\Program Files\dotnet\;C:\Program Files\nodejs\;C:\Users\Mirko\AppData\Local\Microsoft\WindowsApps;C:\Program Files (x86)\Microsoft VS Code\bin;C:\Users\Mirko\AppData\Roaming\npm;;.
	java.net.preferIPv4Stack = true
	java.runtime.name = Java(TM) SE Runtime Environment
	java.runtime.version = 1.8.0_131-b11
	java.specification.name = Java Platform API Specification
	java.specification.vendor = Oracle Corporation
	java.specification.version = 1.8
	java.util.logging.manager = org.jboss.logmanager.LogManager
	java.vendor = Oracle Corporation
	java.vendor.url = http://java.oracle.com/
	java.vendor.url.bug = http://bugreport.sun.com/bugreport/
	java.version = 1.8.0_131
	java.vm.info = mixed mode
	java.vm.name = Java HotSpot(TM) 64-Bit Server VM
	java.vm.specification.name = Java Virtual Machine Specification
	java.vm.specification.vendor = Oracle Corporation
	java.vm.specification.version = 1.8
	java.vm.vendor = Oracle Corporation
	java.vm.version = 25.131-b11
	javax.management.builder.initial = org.jboss.as.jmx.PluggableMBeanServerBuilder
	javax.xml.datatype.DatatypeFactory = __redirected.__DatatypeFactory
	javax.xml.parsers.DocumentBuilderFactory = __redirected.__DocumentBuilderFactory
	javax.xml.parsers.SAXParserFactory = __redirected.__SAXParserFactory
	javax.xml.stream.XMLEventFactory = __redirected.__XMLEventFactory
	javax.xml.stream.XMLInputFactory = __redirected.__XMLInputFactory
	javax.xml.stream.XMLOutputFactory = __redirected.__XMLOutputFactory
	javax.xml.transform.TransformerFactory = __redirected.__TransformerFactory
	javax.xml.validation.SchemaFactory:http://www.w3.org/2001/XMLSchema = __redirected.__SchemaFactory
	javax.xml.xpath.XPathFactory:http://java.sun.com/jaxp/xpath/dom = __redirected.__XPathFactory
	jboss.home.dir = C:\Users\Mirko\Desktop\MAS\SEP\Workspace\AuthorizationProviderr\keycloak-3.4.3.Final
	jboss.host.name = desktop-enhn02k
	jboss.modules.dir = C:\Users\Mirko\Desktop\MAS\SEP\Workspace\AuthorizationProviderr\keycloak-3.4.3.Final\modules
	jboss.modules.system.pkgs = org.jboss.byteman
	jboss.node.name = desktop-enhn02k
	jboss.qualified.host.name = desktop-enhn02k
	jboss.server.base.dir = C:\Users\Mirko\Desktop\MAS\SEP\Workspace\AuthorizationProviderr\keycloak-3.4.3.Final\standalone
	jboss.server.config.dir = C:\Users\Mirko\Desktop\MAS\SEP\Workspace\AuthorizationProviderr\keycloak-3.4.3.Final\standalone\configuration
	jboss.server.data.dir = C:\Users\Mirko\Desktop\MAS\SEP\Workspace\AuthorizationProviderr\keycloak-3.4.3.Final\standalone\data
	jboss.server.deploy.dir = C:\Users\Mirko\Desktop\MAS\SEP\Workspace\AuthorizationProviderr\keycloak-3.4.3.Final\standalone\data\content
	jboss.server.log.dir = C:\Users\Mirko\Desktop\MAS\SEP\Workspace\AuthorizationProviderr\keycloak-3.4.3.Final\standalone\log
	jboss.server.name = desktop-enhn02k
	jboss.server.persist.config = true
	jboss.server.temp.dir = C:\Users\Mirko\Desktop\MAS\SEP\Workspace\AuthorizationProviderr\keycloak-3.4.3.Final\standalone\tmp
	line.separator = 

	logging.configuration = file:C:\Users\Mirko\Desktop\MAS\SEP\Workspace\AuthorizationProviderr\keycloak-3.4.3.Final\standalone\configuration/logging.properties
	module.path = C:\Users\Mirko\Desktop\MAS\SEP\Workspace\AuthorizationProviderr\keycloak-3.4.3.Final\modules
	org.jboss.boot.log.file = C:\Users\Mirko\Desktop\MAS\SEP\Workspace\AuthorizationProviderr\keycloak-3.4.3.Final\standalone\log\server.log
	org.jboss.resolver.warning = true
	org.xml.sax.driver = __redirected.__XMLReaderFactory
	os.arch = amd64
	os.name = Windows 10
	os.version = 10.0
	path.separator = ;
	program.name = standalone.bat
	sun.arch.data.model = 64
	sun.boot.class.path = C:\Program Files\Java\jdk1.8.0_131\jre\lib\resources.jar;C:\Program Files\Java\jdk1.8.0_131\jre\lib\rt.jar;C:\Program Files\Java\jdk1.8.0_131\jre\lib\sunrsasign.jar;C:\Program Files\Java\jdk1.8.0_131\jre\lib\jsse.jar;C:\Program Files\Java\jdk1.8.0_131\jre\lib\jce.jar;C:\Program Files\Java\jdk1.8.0_131\jre\lib\charsets.jar;C:\Program Files\Java\jdk1.8.0_131\jre\lib\jfr.jar;C:\Program Files\Java\jdk1.8.0_131\jre\classes
	sun.boot.library.path = C:\Program Files\Java\jdk1.8.0_131\jre\bin
	sun.cpu.endian = little
	sun.cpu.isalist = amd64
	sun.desktop = windows
	sun.io.unicode.encoding = UnicodeLittle
	sun.java.command = C:\Users\Mirko\Desktop\MAS\SEP\Workspace\AuthorizationProviderr\keycloak-3.4.3.Final\jboss-modules.jar -mp C:\Users\Mirko\Desktop\MAS\SEP\Workspace\AuthorizationProviderr\keycloak-3.4.3.Final\modules org.jboss.as.standalone -Djboss.home.dir=C:\Users\Mirko\Desktop\MAS\SEP\Workspace\AuthorizationProviderr\keycloak-3.4.3.Final
	sun.java.launcher = SUN_STANDARD
	sun.jnu.encoding = Cp1252
	sun.management.compiler = HotSpot 64-Bit Tiered Compilers
	sun.os.patch.level = 
	sun.stderr.encoding = cp437
	sun.stdout.encoding = cp437
	user.country = US
	user.dir = C:\Users\Mirko\Desktop\MAS\SEP\Workspace\AuthorizationProviderr\keycloak-3.4.3.Final\bin
	user.home = C:\Users\Mirko
	user.language = en
	user.name = Mirko
	user.script = 
	user.timezone = Europe/Prague
	user.variant = 
2018-01-13 18:04:54,991 DEBUG [org.jboss.as.config] (MSC service thread 1-7) VM Arguments: -Dprogram.name=standalone.bat -Xms64M -Xmx512M -XX:MetaspaceSize=96M -XX:MaxMetaspaceSize=256m -Djava.net.preferIPv4Stack=true -Djboss.modules.system.pkgs=org.jboss.byteman -Dorg.jboss.boot.log.file=C:\Users\Mirko\Desktop\MAS\SEP\Workspace\AuthorizationProviderr\keycloak-3.4.3.Final\standalone\log\server.log -Dlogging.configuration=file:C:\Users\Mirko\Desktop\MAS\SEP\Workspace\AuthorizationProviderr\keycloak-3.4.3.Final\standalone\configuration/logging.properties 
2018-01-13 18:04:58,372 INFO  [org.jboss.as.controller.management-deprecated] (Controller Boot Thread) WFLYCTL0028: Attribute 'security-realm' in the resource at address '/core-service=management/management-interface=http-interface' is deprecated, and may be removed in future version. See the attribute description in the output of the read-resource-description operation to learn more about the deprecation.
2018-01-13 18:04:58,393 INFO  [org.jboss.as.controller.management-deprecated] (ServerService Thread Pool -- 11) WFLYCTL0028: Attribute 'security-realm' in the resource at address '/subsystem=undertow/server=default-server/https-listener=https' is deprecated, and may be removed in future version. See the attribute description in the output of the read-resource-description operation to learn more about the deprecation.
2018-01-13 18:04:58,399 INFO  [org.wildfly.security] (ServerService Thread Pool -- 4) ELY00001: WildFly Elytron version 1.1.6.Final
2018-01-13 18:04:58,491 INFO  [org.jboss.as.server] (Controller Boot Thread) WFLYSRV0039: Creating http management service using socket-binding (management-http)
2018-01-13 18:04:58,514 INFO  [org.xnio] (MSC service thread 1-4) XNIO version 3.5.4.Final
2018-01-13 18:04:58,522 INFO  [org.xnio.nio] (MSC service thread 1-4) XNIO NIO Implementation Version 3.5.4.Final
2018-01-13 18:04:58,551 WARN  [org.jboss.as.txn] (ServerService Thread Pool -- 43) WFLYTX0013: The node-identifier attribute on the /subsystem=transactions is set to the default value. This is a danger for environments running multiple servers. Please make sure the attribute value is unique.
2018-01-13 18:04:58,554 INFO  [org.jboss.as.jaxrs] (ServerService Thread Pool -- 32) WFLYRS0016: RESTEasy version 3.0.24.Final
2018-01-13 18:04:58,569 INFO  [org.jboss.as.naming] (ServerService Thread Pool -- 37) WFLYNAM0001: Activating Naming Subsystem
2018-01-13 18:04:58,571 INFO  [org.jboss.as.security] (ServerService Thread Pool -- 42) WFLYSEC0002: Activating Security Subsystem
2018-01-13 18:04:58,572 INFO  [org.jboss.as.clustering.infinispan] (ServerService Thread Pool -- 31) WFLYCLINF0001: Activating Infinispan subsystem.
2018-01-13 18:04:58,590 INFO  [org.jboss.as.security] (MSC service thread 1-3) WFLYSEC0001: Current PicketBox version=5.0.2.Final
2018-01-13 18:04:58,670 INFO  [org.jboss.as.connector] (MSC service thread 1-2) WFLYJCA0009: Starting JCA Subsystem (WildFly/IronJacamar 1.4.6.Final)
2018-01-13 18:04:58,718 INFO  [org.jboss.as.naming] (MSC service thread 1-7) WFLYNAM0003: Starting Naming Service
2018-01-13 18:04:58,733 INFO  [org.jboss.as.mail.extension] (MSC service thread 1-8) WFLYMAIL0001: Bound mail session [java:jboss/mail/Default]
2018-01-13 18:04:58,833 INFO  [org.jboss.as.connector.subsystems.datasources] (ServerService Thread Pool -- 26) WFLYJCA0004: Deploying JDBC-compliant driver class org.h2.Driver (version 1.4)
2018-01-13 18:04:58,850 INFO  [org.jboss.as.connector.deployers.jdbc] (MSC service thread 1-7) WFLYJCA0018: Started Driver service with driver-name = h2
2018-01-13 18:04:58,854 INFO  [org.wildfly.extension.io] (ServerService Thread Pool -- 30) WFLYIO001: Worker 'default' has auto-configured to 8 core threads with 64 task threads based on your 4 available processors
2018-01-13 18:04:58,932 INFO  [org.jboss.as.ejb3] (MSC service thread 1-3) WFLYEJB0482: Strict pool mdb-strict-max-pool is using a max instance size of 16 (per class), which is derived from the number of CPUs on this host.
2018-01-13 18:04:58,933 INFO  [org.jboss.as.ejb3] (MSC service thread 1-6) WFLYEJB0481: Strict pool slsb-strict-max-pool is using a max instance size of 64 (per class), which is derived from thread worker pool sizing.
2018-01-13 18:04:58,971 INFO  [org.jboss.remoting] (MSC service thread 1-8) JBoss Remoting version 5.0.5.Final
2018-01-13 18:04:59,158 INFO  [org.jboss.as.ejb3] (MSC service thread 1-1) WFLYEJB0493: EJB subsystem suspension complete
2018-01-13 18:04:59,279 INFO  [org.jboss.as.connector.subsystems.datasources] (MSC service thread 1-2) WFLYJCA0001: Bound data source [java:jboss/datasources/ExampleDS]
2018-01-13 18:04:59,284 INFO  [org.jboss.as.connector.subsystems.datasources] (MSC service thread 1-4) WFLYJCA0001: Bound data source [java:jboss/datasources/KeycloakDS]
2018-01-13 18:04:59,362 INFO  [org.wildfly.extension.undertow] (MSC service thread 1-1) WFLYUT0003: Undertow 1.4.18.Final starting
2018-01-13 18:04:59,449 INFO  [org.wildfly.extension.undertow] (ServerService Thread Pool -- 44) WFLYUT0014: Creating file handler for path 'C:\Users\Mirko\Desktop\MAS\SEP\Workspace\AuthorizationProviderr\keycloak-3.4.3.Final/welcome-content' with options [directory-listing: 'false', follow-symlink: 'false', case-sensitive: 'true', safe-symlink-paths: '[]']
2018-01-13 18:04:59,455 INFO  [org.wildfly.extension.undertow] (MSC service thread 1-6) WFLYUT0012: Started server default-server.
2018-01-13 18:04:59,458 INFO  [org.wildfly.extension.undertow] (MSC service thread 1-7) WFLYUT0018: Host default-host starting
2018-01-13 18:04:59,495 INFO  [org.wildfly.extension.undertow] (MSC service thread 1-2) WFLYUT0006: Undertow HTTP listener default listening on 127.0.0.1:8080
2018-01-13 18:04:59,540 INFO  [org.jboss.as.patching] (MSC service thread 1-1) WFLYPAT0050: Keycloak cumulative patch ID is: base, one-off patches include: none
2018-01-13 18:04:59,552 WARN  [org.jboss.as.domain.management.security] (MSC service thread 1-8) WFLYDM0111: Keystore C:\Users\Mirko\Desktop\MAS\SEP\Workspace\AuthorizationProviderr\keycloak-3.4.3.Final\standalone\configuration\application.keystore not found, it will be auto generated on first use with a self signed certificate for host localhost
2018-01-13 18:04:59,556 INFO  [org.jboss.as.server.deployment.scanner] (MSC service thread 1-2) WFLYDS0013: Started FileSystemDeploymentService for directory C:\Users\Mirko\Desktop\MAS\SEP\Workspace\AuthorizationProviderr\keycloak-3.4.3.Final\standalone\deployments
2018-01-13 18:04:59,574 INFO  [org.jboss.as.server.deployment] (MSC service thread 1-1) WFLYSRV0027: Starting deployment of "keycloak-server.war" (runtime-name: "keycloak-server.war")
2018-01-13 18:04:59,728 INFO  [org.wildfly.extension.undertow] (MSC service thread 1-1) WFLYUT0006: Undertow HTTPS listener https listening on 127.0.0.1:8443
2018-01-13 18:05:01,361 INFO  [org.infinispan.factories.GlobalComponentRegistry] (MSC service thread 1-4) ISPN000128: Infinispan version: Infinispan 'Chakra' 8.2.8.Final
2018-01-13 18:05:01,663 INFO  [org.jboss.as.clustering.infinispan] (ServerService Thread Pool -- 55) WFLYCLINF0002: Started keys cache from keycloak container
2018-01-13 18:05:01,664 INFO  [org.jboss.as.clustering.infinispan] (ServerService Thread Pool -- 57) WFLYCLINF0002: Started authenticationSessions cache from keycloak container
2018-01-13 18:05:01,662 INFO  [org.jboss.as.clustering.infinispan] (ServerService Thread Pool -- 58) WFLYCLINF0002: Started users cache from keycloak container
2018-01-13 18:05:01,668 INFO  [org.jboss.as.clustering.infinispan] (ServerService Thread Pool -- 52) WFLYCLINF0002: Started clientSessions cache from keycloak container
2018-01-13 18:05:01,669 INFO  [org.jboss.as.clustering.infinispan] (ServerService Thread Pool -- 49) WFLYCLINF0002: Started actionTokens cache from keycloak container
2018-01-13 18:05:01,669 INFO  [org.jboss.as.clustering.infinispan] (ServerService Thread Pool -- 51) WFLYCLINF0002: Started authorization cache from keycloak container
2018-01-13 18:05:01,669 INFO  [org.jboss.as.clustering.infinispan] (ServerService Thread Pool -- 47) WFLYCLINF0002: Started sessions cache from keycloak container
2018-01-13 18:05:01,670 INFO  [org.jboss.as.clustering.infinispan] (ServerService Thread Pool -- 54) WFLYCLINF0002: Started realms cache from keycloak container
2018-01-13 18:05:01,670 INFO  [org.jboss.as.clustering.infinispan] (ServerService Thread Pool -- 48) WFLYCLINF0002: Started offlineSessions cache from keycloak container
2018-01-13 18:05:01,670 INFO  [org.jboss.as.clustering.infinispan] (ServerService Thread Pool -- 53) WFLYCLINF0002: Started work cache from keycloak container
2018-01-13 18:05:01,670 INFO  [org.jboss.as.clustering.infinispan] (ServerService Thread Pool -- 50) WFLYCLINF0002: Started offlineClientSessions cache from keycloak container
2018-01-13 18:05:01,671 INFO  [org.jboss.as.clustering.infinispan] (ServerService Thread Pool -- 46) WFLYCLINF0002: Started loginFailures cache from keycloak container
2018-01-13 18:05:01,674 INFO  [org.jboss.as.clustering.infinispan] (ServerService Thread Pool -- 56) WFLYCLINF0002: Started client-mappings cache from ejb container
2018-01-13 18:05:02,934 INFO  [org.keycloak.services] (ServerService Thread Pool -- 46) KC-SERVICES0001: Loading config from standalone.xml or domain.xml
2018-01-13 18:05:04,471 INFO  [org.jboss.as.clustering.infinispan] (ServerService Thread Pool -- 46) WFLYCLINF0002: Started realmRevisions cache from keycloak container
2018-01-13 18:05:04,475 INFO  [org.jboss.as.clustering.infinispan] (ServerService Thread Pool -- 46) WFLYCLINF0002: Started userRevisions cache from keycloak container
2018-01-13 18:05:04,486 INFO  [org.jboss.as.clustering.infinispan] (ServerService Thread Pool -- 46) WFLYCLINF0002: Started authorizationRevisions cache from keycloak container
2018-01-13 18:05:04,487 INFO  [org.keycloak.connections.infinispan.DefaultInfinispanConnectionProviderFactory] (ServerService Thread Pool -- 46) Node name: desktop-enhn02k, Site name: null
2018-01-13 18:05:10,590 INFO  [org.hibernate.jpa.internal.util.LogHelper] (ServerService Thread Pool -- 46) HHH000204: Processing PersistenceUnitInfo [
	name: keycloak-default
	...]
2018-01-13 18:05:10,658 INFO  [org.hibernate.Version] (ServerService Thread Pool -- 46) HHH000412: Hibernate Core {5.1.10.Final}
2018-01-13 18:05:10,660 INFO  [org.hibernate.cfg.Environment] (ServerService Thread Pool -- 46) HHH000206: hibernate.properties not found
2018-01-13 18:05:10,661 INFO  [org.hibernate.cfg.Environment] (ServerService Thread Pool -- 46) HHH000021: Bytecode provider name : javassist
2018-01-13 18:05:10,702 INFO  [org.hibernate.annotations.common.Version] (ServerService Thread Pool -- 46) HCANN000001: Hibernate Commons Annotations {5.0.1.Final}
2018-01-13 18:05:10,838 INFO  [org.hibernate.dialect.Dialect] (ServerService Thread Pool -- 46) HHH000400: Using dialect: org.hibernate.dialect.H2Dialect
2018-01-13 18:05:10,843 WARN  [org.hibernate.dialect.H2Dialect] (ServerService Thread Pool -- 46) HHH000431: Unable to determine H2 database version, certain features may not work
2018-01-13 18:05:10,874 INFO  [org.hibernate.envers.boot.internal.EnversServiceImpl] (ServerService Thread Pool -- 46) Envers integration enabled? : true
2018-01-13 18:05:11,331 INFO  [org.hibernate.validator.internal.util.Version] (ServerService Thread Pool -- 46) HV000001: Hibernate Validator 5.3.5.Final
2018-01-13 18:05:11,989 INFO  [org.hibernate.hql.internal.QueryTranslatorFactoryInitiator] (ServerService Thread Pool -- 46) HHH000397: Using ASTQueryTranslatorFactory
2018-01-13 18:05:13,132 INFO  [org.jboss.resteasy.resteasy_jaxrs.i18n] (ServerService Thread Pool -- 46) RESTEASY002225: Deploying javax.ws.rs.core.Application: class org.keycloak.services.resources.KeycloakApplication
2018-01-13 18:05:13,133 INFO  [org.jboss.resteasy.resteasy_jaxrs.i18n] (ServerService Thread Pool -- 46) RESTEASY002205: Adding provider class org.keycloak.services.filters.KeycloakTransactionCommitter from Application class org.keycloak.services.resources.KeycloakApplication
2018-01-13 18:05:13,135 INFO  [org.jboss.resteasy.resteasy_jaxrs.i18n] (ServerService Thread Pool -- 46) RESTEASY002200: Adding class resource org.keycloak.services.resources.JsResource from Application class org.keycloak.services.resources.KeycloakApplication
2018-01-13 18:05:13,136 INFO  [org.jboss.resteasy.resteasy_jaxrs.i18n] (ServerService Thread Pool -- 46) RESTEASY002205: Adding provider class org.keycloak.services.error.KeycloakErrorHandler from Application class org.keycloak.services.resources.KeycloakApplication
2018-01-13 18:05:13,136 INFO  [org.jboss.resteasy.resteasy_jaxrs.i18n] (ServerService Thread Pool -- 46) RESTEASY002200: Adding class resource org.keycloak.services.resources.ThemeResource from Application class org.keycloak.services.resources.KeycloakApplication
2018-01-13 18:05:13,136 INFO  [org.jboss.resteasy.resteasy_jaxrs.i18n] (ServerService Thread Pool -- 46) RESTEASY002220: Adding singleton resource org.keycloak.services.resources.ServerVersionResource from Application class org.keycloak.services.resources.KeycloakApplication
2018-01-13 18:05:13,137 INFO  [org.jboss.resteasy.resteasy_jaxrs.i18n] (ServerService Thread Pool -- 46) RESTEASY002220: Adding singleton resource org.keycloak.services.resources.admin.AdminRoot from Application class org.keycloak.services.resources.KeycloakApplication
2018-01-13 18:05:13,137 INFO  [org.jboss.resteasy.resteasy_jaxrs.i18n] (ServerService Thread Pool -- 46) RESTEASY002220: Adding singleton resource org.keycloak.services.resources.WelcomeResource from Application class org.keycloak.services.resources.KeycloakApplication
2018-01-13 18:05:13,137 INFO  [org.jboss.resteasy.resteasy_jaxrs.i18n] (ServerService Thread Pool -- 46) RESTEASY002220: Adding singleton resource org.keycloak.services.resources.RobotsResource from Application class org.keycloak.services.resources.KeycloakApplication
2018-01-13 18:05:13,138 INFO  [org.jboss.resteasy.resteasy_jaxrs.i18n] (ServerService Thread Pool -- 46) RESTEASY002210: Adding provider singleton org.keycloak.services.util.ObjectMapperResolver from Application class org.keycloak.services.resources.KeycloakApplication
2018-01-13 18:05:13,138 INFO  [org.jboss.resteasy.resteasy_jaxrs.i18n] (ServerService Thread Pool -- 46) RESTEASY002220: Adding singleton resource org.keycloak.services.resources.RealmsResource from Application class org.keycloak.services.resources.KeycloakApplication
2018-01-13 18:05:13,224 INFO  [org.wildfly.extension.undertow] (ServerService Thread Pool -- 46) WFLYUT0021: Registered web context: '/auth' for server 'default-server'
2018-01-13 18:05:13,261 INFO  [org.jboss.as.server] (ServerService Thread Pool -- 45) WFLYSRV0010: Deployed "keycloak-server.war" (runtime-name : "keycloak-server.war")
2018-01-13 18:05:13,340 INFO  [org.jboss.as.server] (Controller Boot Thread) WFLYSRV0212: Resuming server
2018-01-13 18:05:13,343 INFO  [org.jboss.as] (Controller Boot Thread) WFLYSRV0060: Http management interface listening on http://127.0.0.1:9990/management
2018-01-13 18:05:13,345 INFO  [org.jboss.as] (Controller Boot Thread) WFLYSRV0051: Admin console listening on http://127.0.0.1:9990
2018-01-13 18:05:13,345 INFO  [org.jboss.as] (Controller Boot Thread) WFLYSRV0025: Keycloak 3.4.3.Final (WildFly Core 3.0.8.Final) started in 21398ms - Started 545 of 881 services (604 services are lazy, passive or on-demand)
2018-01-13 18:11:30,488 WARN  [org.keycloak.events] (default task-25) type=LOGIN_ERROR, realmId=AuthorizationProviderKeycloak, clientId=login-app, userId=null, ipAddress=127.0.0.1, error=not_allowed
2018-01-13 18:11:34,475 WARN  [org.keycloak.events] (default task-26) type=LOGIN_ERROR, realmId=AuthorizationProviderKeycloak, clientId=login-app, userId=null, ipAddress=127.0.0.1, error=not_allowed
2018-01-13 18:21:19,360 WARN  [org.keycloak.events] (default task-42) type=LOGIN_ERROR, realmId=AuthorizationProviderKeycloak, clientId=login-app, userId=null, ipAddress=127.0.0.1, error=not_allowed
2018-01-13 18:21:21,993 WARN  [org.keycloak.events] (default task-43) type=LOGIN_ERROR, realmId=AuthorizationProviderKeycloak, clientId=login-app, userId=null, ipAddress=127.0.0.1, error=not_allowed
2018-01-13 18:40:43,857 WARN  [org.keycloak.events] (default task-41) type=LOGIN_ERROR, realmId=AuthorizationProviderKeycloak, clientId=login-app, userId=null, ipAddress=127.0.0.1, error=not_allowed
2018-01-13 18:44:18,852 WARN  [org.keycloak.events] (default task-44) type=REFRESH_TOKEN_ERROR, realmId=master, clientId=security-admin-console, userId=null, ipAddress=127.0.0.1, error=invalid_token, grant_type=refresh_token, client_auth_method=client-secret
